Arguments: 
  /home/fk/.nvm/versions/node/v18.15.0/bin/node /usr/local/bin/yarn

PATH: 
  /home/fk/.bun/bin:/home/fk/perl5/bin:/home/fk/.yarn/bin:~/.config/composer/vendor/bin:/home/fk/.bun/bin:/home/fk/perl5/bin:/home/fk/.yarn/bin:~/.config/composer/vendor/bin:/home/fk/.bun/bin:/home/fk/.cargo/bin:/home/fk/.nvm/versions/node/v18.15.0/bin:/home/fk/perl5/bin::~/.config/composer/vendor/bin:/usr/local/sbin:/usr/local/bin:/usr/bin:/usr/lib/jvm/default/bin:/usr/bin/site_perl:/usr/bin/vendor_perl:/usr/bin/core_perl:/home/fk/.fzf/bin:/home/fk/Android/Sdk/emulator:/home/fk/Android/Sdk/tools:/home/fk/Android/Sdk/tools/bin:/home/fk/Android/Sdk/platform-tools:/usr/lib/jvm/java-17-openjdk/bin/:/home/fk/Android/Sdk/emulator:/home/fk/Android/Sdk/tools:/home/fk/Android/Sdk/tools/bin:/home/fk/Android/Sdk/platform-tools:/usr/lib/jvm/java-17-openjdk/bin/:/home/fk/Android/Sdk/emulator:/home/fk/Android/Sdk/tools:/home/fk/Android/Sdk/tools/bin:/home/fk/Android/Sdk/platform-tools:/usr/lib/jvm/java-17-openjdk/bin/

Yarn version: 
  1.22.10

Node version: 
  18.15.0

Platform: 
  linux x64

Trace: 
  Error: https://npm.pkg.github.com/@types%2fbun: npm package "bun" does not exist under owner "types"
      at params.callback [as _callback] (/usr/local/share/.config/yarn/global/node_modules/yarn/lib/cli.js:66988:18)
      at self.callback (/usr/local/share/.config/yarn/global/node_modules/yarn/lib/cli.js:140662:22)
      at Request.emit (node:events:513:28)
      at Request.<anonymous> (/usr/local/share/.config/yarn/global/node_modules/yarn/lib/cli.js:141634:10)
      at Request.emit (node:events:513:28)
      at IncomingMessage.<anonymous> (/usr/local/share/.config/yarn/global/node_modules/yarn/lib/cli.js:141556:12)
      at Object.onceWrapper (node:events:627:28)
      at IncomingMessage.emit (node:events:525:35)
      at endReadableNT (node:internal/streams/readable:1359:12)
      at process.processTicksAndRejections (node:internal/process/task_queues:82:21)

npm manifest: 
  {
    "name": "@turingpointde/cvss.js",
    "version": "2.0.0",
    "description": "A tiny library to work with cvss vectors",
    "browser": "dist/index.js",
    "main": "dist_node/index.js",
    "types": "dist/index.d.ts",
    "type": "module",
    "scripts": {
      "build": "bun run build.mjs",
      "prepublishOnly": "bun run build"
    },
    "keywords": [
      "cvss",
      "security"
    ],
    "author": "Fabian Kutsche",
    "license": "MIT",
    "repository": {
      "type": "git",
      "url": "https://github.com/turingpointde/cvss.js.git"
    },
    "bugs": "https://github.com/turingpointde/cvss.js/issues",
    "devDependencies": {
      "@types/bun": "^1.1.11",
      "bun-plugin-dts": "^0.3.0"
    }
  }

yarn manifest: 
  No manifest

Lockfile: 
  No lockfile
